[2024-08-20 08:24:01] production.ERROR: scandir(Modules): Failed to open directory: No such file or directory {"exception":"[object] (ErrorException(code: 0): scandir(Modules): Failed to open directory: No such file or directory at /Users/oladimejiajeniya/Desktop/connect-us/Modules/AddonModule/Traits/AddonHelper.php:83)
[stacktrace]
#0 /Users/oladimejiajeniya/Desktop/connect-us/vendor/laravel/framework/src/Illuminate/Foundation/Bootstrap/HandleExceptions.php(255): Illuminate\\Foundation\\Bootstrap\\HandleExceptions->handleError(2, 'scandir(Modules...', '/Users/oladimej...', 83)
#1 [internal function]: Illuminate\\Foundation\\Bootstrap\\HandleExceptions->Illuminate\\Foundation\\Bootstrap\\{closure}(2, 'scandir(Modules...', '/Users/oladimej...', 83)
#2 /Users/oladimejiajeniya/Desktop/connect-us/Modules/AddonModule/Traits/AddonHelper.php(83): scandir('Modules')
#3 /Users/oladimejiajeniya/Desktop/connect-us/Modules/AddonModule/Traits/AddonHelper.php(35): App\\Providers\\AppServiceProvider->getDirectories('Modules')
#4 /Users/oladimejiajeniya/Desktop/connect-us/app/Providers/AppServiceProvider.php(39): App\\Providers\\AppServiceProvider->get_addon_admin_routes()
#5 /Users/oladimejiajeniya/Desktop/connect-us/vendor/laravel/framework/src/Illuminate/Container/BoundMethod.php(36): App\\Providers\\AppServiceProvider->boot(Object(Illuminate\\Http\\Request))
#6 /Users/oladimejiajeniya/Desktop/connect-us/vendor/laravel/framework/src/Illuminate/Container/Util.php(41): Illuminate\\Container\\BoundMethod::Illuminate\\Container\\{closure}()
#7 /Users/oladimejiajeniya/Desktop/connect-us/vendor/laravel/framework/src/Illuminate/Container/BoundMethod.php(93): Illuminate\\Container\\Util::unwrapIfClosure(Object(Closure))
#8 /Users/oladimejiajeniya/Desktop/connect-us/vendor/laravel/framework/src/Illuminate/Container/BoundMethod.php(35): Illuminate\\Container\\BoundMethod::callBoundMethod(Object(Illuminate\\Foundation\\Application), Array, Object(Closure))
#9 /Users/oladimejiajeniya/Desktop/connect-us/vendor/laravel/framework/src/Illuminate/Container/Container.php(662): Illuminate\\Container\\BoundMethod::call(Object(Illuminate\\Foundation\\Application), Array, Array, NULL)
#10 /Users/oladimejiajeniya/Desktop/connect-us/vendor/laravel/framework/src/Illuminate/Foundation/Application.php(1034): Illuminate\\Container\\Container->call(Array)
#11 /Users/oladimejiajeniya/Desktop/connect-us/vendor/laravel/framework/src/Illuminate/Foundation/Application.php(1015): Illuminate\\Foundation\\Application->bootProvider(Object(App\\Providers\\AppServiceProvider))
#12 [internal function]: Illuminate\\Foundation\\Application->Illuminate\\Foundation\\{closure}(Object(App\\Providers\\AppServiceProvider), 34)
#13 /Users/oladimejiajeniya/Desktop/connect-us/vendor/laravel/framework/src/Illuminate/Foundation/Application.php(1014): array_walk(Array, Object(Closure))
#14 /Users/oladimejiajeniya/Desktop/connect-us/vendor/laravel/framework/src/Illuminate/Foundation/Bootstrap/BootProviders.php(17): Illuminate\\Foundation\\Application->boot()
#15 /Users/oladimejiajeniya/Desktop/connect-us/vendor/laravel/framework/src/Illuminate/Foundation/Application.php(263): Illuminate\\Foundation\\Bootstrap\\BootProviders->bootstrap(Object(Illuminate\\Foundation\\Application))
#16 /Users/oladimejiajeniya/Desktop/connect-us/vendor/laravel/framework/src/Illuminate/Foundation/Console/Kernel.php(447): Illuminate\\Foundation\\Application->bootstrapWith(Array)
#17 /Users/oladimejiajeniya/Desktop/connect-us/vendor/laravel/framework/src/Illuminate/Foundation/Console/Kernel.php(199): Illuminate\\Foundation\\Console\\Kernel->bootstrap()
#18 Command line code(1): Illuminate\\Foundation\\Console\\Kernel->handle(Object(Symfony\\Component\\Console\\Input\\ArgvInput), Object(Symfony\\Component\\Console\\Output\\ConsoleOutput))
#19 {main}
"} 
